[33m[WARNING] [MainThread] [2020-12-19 10:27:08] [transfer_accounts.py:82] è¢«è½¬è´¦ id 1 ä½™é¢ä¸è¶³ï¼[0m
[32m[INFO] [MainThread] [2020-12-19 10:53:28] [transfer_accounts.py:132] ä» 1 åˆ° 2 è½¬è´¦ 5 æå®¢å¸æˆåŠŸ[0m
[33m[WARNING] [MainThread] [2020-12-19 10:55:08] [transfer_accounts.py:86] è¢«è½¬è´¦ id 1 ä½™é¢ä¸è¶³ï¼[0m
[32m[INFO] [MainThread] [2020-12-19 10:55:26] [transfer_accounts.py:131] ä» 1 åˆ° 20 è½¬è´¦ 5 æå®¢å¸æˆåŠŸ[0m
[33m[WARNING] [MainThread] [2020-12-19 10:55:26] [transfer_accounts.py:86] è¢«è½¬è´¦ id 1 ä½™é¢ä¸è¶³ï¼[0m
[32m[INFO] [MainThread] [2020-12-19 11:04:12] [transfer_accounts.py:75] åˆå§‹åŒ–æˆåŠŸï¼Œåˆ›å»ºäº† 3 å¼ æ•°æ®åº“è¡¨ï¼šuser, asset, recordã€‚[0m
[32m[INFO] [MainThread] [2020-12-19 11:05:53] [transfer_accounts.py:80] idå· 20 ä¸å­˜åœ¨[0m
[32m[INFO] [MainThread] [2020-12-19 11:07:59] [transfer_accounts.py:96] åˆ›å»ºç”¨æˆ· æå››ï¼Œ idå·ï¼š2 [0m
[32m[INFO] [MainThread] [2020-12-19 11:07:59] [transfer_accounts.py:80] idå· 20 ä¸å­˜åœ¨[0m
[33m[WARNING] [MainThread] [2020-12-19 11:09:53] [transfer_accounts.py:80] idå· 20 ä¸å­˜åœ¨[0m
[33m[WARNING] [MainThread] [2020-12-19 11:26:48] [transfer_accounts.py:166] è¢«è½¬è´¦ id 1 ä½™é¢ä¸è¶³ï¼[0m
[32m[INFO] [MainThread] [2020-12-19 11:31:00] [transfer_accounts.py:134] è´¦æˆ· id å·ï¼š1ï¼Œå˜åŠ¨é‡‘é¢ï¼š20.0ã€‚[0m
[32m[INFO] [MainThread] [2020-12-19 11:31:13] [transfer_accounts.py:134] è´¦æˆ· id å·ï¼š1 ï¼Œå˜åŠ¨é‡‘é¢ï¼š30.0ã€‚[0m
[32m[INFO] [MainThread] [2020-12-19 11:35:10] [transfer_accounts.py:135] è´¦æˆ· id å·ï¼š1 ï¼Œå˜åŠ¨é‡‘é¢ï¼š10.0 ï¼Œå½“å‰ä½™é¢ï¼š40.0 ã€‚[0m
[32m[INFO] [MainThread] [2020-12-19 11:41:19] [transfer_accounts.py:146] è´¦æˆ· id å·ï¼š2 ï¼Œå˜åŠ¨é‡‘é¢ï¼š0.0 ï¼Œå½“å‰ä½™é¢ï¼š0.0 ã€‚[0m
[32m[INFO] [MainThread] [2020-12-19 11:41:19] [transfer_accounts.py:173] ä» 1 åˆ° 2 è½¬è´¦ 5 æå®¢å¸æˆåŠŸ[0m
[32m[INFO] [MainThread] [2020-12-19 11:45:32] [transfer_accounts.py:146] è´¦æˆ· id å·ï¼š1 ï¼Œå˜åŠ¨é‡‘é¢ï¼š-5 ï¼Œå½“å‰ä½™é¢ï¼š30.0 ã€‚[0m
[32m[INFO] [MainThread] [2020-12-19 11:45:32] [transfer_accounts.py:146] è´¦æˆ· id å·ï¼š2 ï¼Œå˜åŠ¨é‡‘é¢ï¼š5 ï¼Œå½“å‰ä½™é¢ï¼š10.0 ã€‚[0m
[32m[INFO] [MainThread] [2020-12-19 11:45:32] [transfer_accounts.py:175] ä» 1 åˆ° 2 è½¬è´¦ 5 æå®¢å¸æˆåŠŸ[0m
[32m[INFO] [MainThread] [2020-12-19 11:47:15] [transfer_accounts.py:146] è´¦æˆ· id å·ï¼š1 ï¼Œå˜åŠ¨é‡‘é¢ï¼š-5 ï¼Œå½“å‰ä½™é¢ï¼š25.0 ã€‚[0m
[32m[INFO] [MainThread] [2020-12-19 11:47:15] [transfer_accounts.py:146] è´¦æˆ· id å·ï¼š2 ï¼Œå˜åŠ¨é‡‘é¢ï¼š5 ï¼Œå½“å‰ä½™é¢ï¼š15.0 ã€‚[0m
[32m[INFO] [MainThread] [2020-12-19 11:47:15] [transfer_accounts.py:169] ä» 1 åˆ° 2 è½¬è´¦ 5 æå®¢å¸æˆåŠŸ[0m
[32m[INFO] [MainThread] [2020-12-19 11:47:26] [transfer_accounts.py:146] è´¦æˆ· id å·ï¼š1 ï¼Œå˜åŠ¨é‡‘é¢ï¼š-5 ï¼Œå½“å‰ä½™é¢ï¼š20.0 ã€‚[0m
[32m[INFO] [MainThread] [2020-12-19 11:47:26] [transfer_accounts.py:146] è´¦æˆ· id å·ï¼š2 ï¼Œå˜åŠ¨é‡‘é¢ï¼š5 ï¼Œå½“å‰ä½™é¢ï¼š20.0 ã€‚[0m
[31m[ERROR] [MainThread] [2020-12-19 11:48:04] [transfer_accounts.py:171] å‘ç”Ÿæ•°æ®åº“é”™è¯¯, å›æ»š[0m
[31m[ERROR] [MainThread] [2020-12-19 11:48:09] [transfer_accounts.py:172] (mysql.connector.errors.ProgrammingError) 1146 (42S02): Table 'geekbank.record' doesn't exist
[SQL: INSERT INTO record (trans_time, from_id, to_id, amount) VALUES (%(trans_time)s, %(from_id)s, %(to_id)s, %(amount)s)]
[parameters: {'trans_time': datetime.datetime(2020, 12, 19, 3, 48, 1, 21563), 'from_id': 1, 'to_id': 2, 'amount': 5}]
(Background on this error at: http://sqlalche.me/e/13/f405)[0m
[32m[INFO] [MainThread] [2020-12-19 11:55:23] [transfer_accounts.py:77] åˆå§‹åŒ–æˆåŠŸï¼Œåˆ›å»ºäº† 3 å¼ æ•°æ®åº“è¡¨ï¼šuser, asset, recordã€‚[0m
[33m[WARNING] [MainThread] [2020-12-19 11:55:42] [transfer_accounts.py:90] idå· 20 ä¸å­˜åœ¨[0m
[33m[WARNING] [MainThread] [2020-12-19 11:55:50] [transfer_accounts.py:175] è¢«è½¬è´¦ id 1 ä½™é¢ä¸è¶³ï¼[0m
[32m[INFO] [MainThread] [2020-12-19 11:56:29] [transfer_accounts.py:146] è´¦æˆ· id å·ï¼š1 ï¼Œå˜åŠ¨é‡‘é¢ï¼š10000.0 ï¼Œå½“å‰ä½™é¢ï¼š10020.0 ã€‚[0m
[32m[INFO] [MainThread] [2020-12-19 11:56:29] [transfer_accounts.py:146] è´¦æˆ· id å·ï¼š1 ï¼Œå˜åŠ¨é‡‘é¢ï¼š-500 ï¼Œå½“å‰ä½™é¢ï¼š9520.0 ã€‚[0m
[32m[INFO] [MainThread] [2020-12-19 11:56:29] [transfer_accounts.py:146] è´¦æˆ· id å·ï¼š2 ï¼Œå˜åŠ¨é‡‘é¢ï¼š500 ï¼Œå½“å‰ä½™é¢ï¼š520.0 ã€‚[0m
[32m[INFO] [MainThread] [2020-12-19 11:56:29] [transfer_accounts.py:169] ä» 1 åˆ° 2 è½¬è´¦ 500 æå®¢å¸æˆåŠŸ[0m
